Using pre-set license
Built from '2021.3/release' branch; Version is '2021.3.17f1 (3e8111cac19d) revision 4096273'; Using compiler version '192829333'; Build Type 'Release'
OS: 'Windows 11  (10.0.22621) 64bit CoreSingleLanguage' Language: 'en' Physical Memory: 8043 MB
BatchMode: 1, IsHumanControllingUs: 0, StartBugReporterOnCrash: 0, Is64bit: 1, IsPro: 1

COMMAND LINE ARGUMENTS:
D:\Programs\unity\2021.3.17f1\Editor\Unity.exe
-adb2
-batchMode
-noUpm
-name
AssetImportWorker4
-projectPath
D:/Parallaxia/Parallaxia
-logFile
Logs/AssetImportWorker4.log
-srvPort
51086
Successfully changed project path to: D:/Parallaxia/Parallaxia
D:/Parallaxia/Parallaxia
[UnityMemory] Configuration Parameters - Can be set up in boot.config
    "memorysetup-bucket-allocator-granularity=16"
    "memorysetup-bucket-allocator-bucket-count=8"
    "memorysetup-bucket-allocator-block-size=33554432"
    "memorysetup-bucket-allocator-block-count=8"
    "memorysetup-main-allocator-block-size=16777216"
    "memorysetup-thread-allocator-block-size=16777216"
    "memorysetup-gfx-main-allocator-block-size=16777216"
    "memorysetup-gfx-thread-allocator-block-size=16777216"
    "memorysetup-cache-allocator-block-size=4194304"
    "memorysetup-typetree-allocator-block-size=2097152"
    "memorysetup-profiler-bucket-allocator-granularity=16"
    "memorysetup-profiler-bucket-allocator-bucket-count=8"
    "memorysetup-profiler-bucket-allocator-block-size=33554432"
    "memorysetup-profiler-bucket-allocator-block-count=8"
    "memorysetup-profiler-allocator-block-size=16777216"
    "memorysetup-profiler-editor-allocator-block-size=1048576"
    "memorysetup-temp-allocator-size-main=16777216"
    "memorysetup-job-temp-allocator-block-size=2097152"
    "memorysetup-job-temp-allocator-block-size-background=1048576"
    "memorysetup-job-temp-allocator-reduction-small-platforms=262144"
    "memorysetup-temp-allocator-size-background-worker=32768"
    "memorysetup-temp-allocator-size-job-worker=262144"
    "memorysetup-temp-allocator-size-preload-manager=33554432"
    "memorysetup-temp-allocator-size-nav-mesh-worker=65536"
    "memorysetup-temp-allocator-size-audio-worker=65536"
    "memorysetup-temp-allocator-size-cloud-worker=32768"
    "memorysetup-temp-allocator-size-gi-baking-worker=262144"
    "memorysetup-temp-allocator-size-gfx=262144"
Player connection [1444] Host "[IP] 192.168.1.53 [Port] 0 [Flags] 2 [Guid] 3233731161 [EditorId] 3233731161 [Version] 1048832 [Id] WindowsEditor(7,ASUSLAPTOP) [Debug] 1 [PackageName] WindowsEditor [ProjectName] Editor" joined multi-casting on [225.0.0.222:54997]...

Player connection [1444] Host "[IP] 192.168.1.53 [Port] 0 [Flags] 2 [Guid] 3233731161 [EditorId] 3233731161 [Version] 1048832 [Id] WindowsEditor(7,ASUSLAPTOP) [Debug] 1 [PackageName] WindowsEditor [ProjectName] Editor" joined alternative multi-casting on [225.0.0.222:34997]...

Refreshing native plugins compatible for Editor in 124.67 ms, found 4 plugins.
Preloading 0 native plugins for Editor in 0.00 ms.
Initialize engine version: 2021.3.17f1 (3e8111cac19d)
[Subsystems] Discovering subsystems at path D:/Programs/unity/2021.3.17f1/Editor/Data/Resources/UnitySubsystems
[Subsystems] Discovering subsystems at path D:/Parallaxia/Parallaxia/Assets
GfxDevice: creating device client; threaded=0; jobified=0
Direct3D:
    Version:  Direct3D 11.0 [level 11.1]
    Renderer: NVIDIA GeForce MX230 (ID=0x1d11)
    Vendor:   NVIDIA
    VRAM:     1982 MB
    Driver:   31.0.15.3141
Initialize mono
Mono path[0] = 'D:/Programs/unity/2021.3.17f1/Editor/Data/Managed'
Mono path[1] = 'D:/Programs/unity/2021.3.17f1/Editor/Data/MonoBleedingEdge/lib/mono/unityjit-win32'
Mono config path = 'D:/Programs/unity/2021.3.17f1/Editor/Data/MonoBleedingEdge/etc'
Using monoOptions --debugger-agent=transport=dt_socket,embedding=1,server=y,suspend=n,address=127.0.0.1:56460
Begin MonoManager ReloadAssembly
Registering precompiled unity dll's ...
Register platform support module: D:/Programs/unity/2021.3.17f1/Editor/Data/PlaybackEngines/WebGLSupport/UnityEditor.WebGL.Extensions.dll
Register platform support module: D:/Programs/unity/2021.3.17f1/Editor/Data/PlaybackEngines/WindowsStandaloneSupport/UnityEditor.WindowsStandalone.Extensions.dll
Registered in 0.025712 seconds.
Native extension for WindowsStandalone target not found
Native extension for WebGL target not found
Refreshing native plugins compatible for Editor in 150.19 ms, found 4 plugins.
Preloading 0 native plugins for Editor in 0.00 ms.
Mono: successfully reloaded assembly
- Completed reload, in  1.625 seconds
Domain Reload Profiling:
	ReloadAssembly (1626ms)
		BeginReloadAssembly (78ms)
			ExecutionOrderSort (0ms)
			DisableScriptedObjects (0ms)
			BackupInstance (0ms)
			ReleaseScriptingObjects (0ms)
			CreateAndSetChildDomain (1ms)
		EndReloadAssembly (1044ms)
			LoadAssemblies (85ms)
			RebuildTransferFunctionScriptingTraits (1ms)
			SetupTypeCache (249ms)
			ReleaseScriptCaches (0ms)
			RebuildScriptCaches (40ms)
			SetupLoadedEditorAssemblies (679ms)
				LogAssemblyErrors (0ms)
				InitializePlatformSupportModulesInManaged (7ms)
				SetLoadedEditorAssemblies (0ms)
				RefreshPlugins (150ms)
				BeforeProcessingInitializeOnLoad (1ms)
				ProcessInitializeOnLoadAttributes (410ms)
				ProcessInitializeOnLoadMethodAttributes (110ms)
				AfterProcessingInitializeOnLoad (0ms)
				EditorAssembliesLoaded (0ms)
			ExecutionOrderSort2 (0ms)
			AwakeInstancesAfterBackupRestoration (0ms)
Platform modules already initialized, skipping
Registering precompiled user dll's ...
Registered in 0.005527 seconds.
Begin MonoManager ReloadAssembly
Symbol file LoadedFromMemory doesn't match image D:\Parallaxia\Parallaxia\Library\PackageCache\com.unity.visualscripting@1.8.0\Editor\VisualScripting.Core\Dependencies\YamlDotNet\Unity.VisualScripting.YamlDotNet.dll
Symbol file LoadedFromMemory doesn't match image D:\Parallaxia\Parallaxia\Library\PackageCache\com.unity.visualscripting@1.8.0\Editor\VisualScripting.Core\Dependencies\DotNetZip\Unity.VisualScripting.IonicZip.dll
Native extension for WindowsStandalone target not found
Native extension for WebGL target not found
Refreshing native plugins compatible for Editor in 195.26 ms, found 4 plugins.
Preloading 0 native plugins for Editor in 0.00 ms.
Mono: successfully reloaded assembly
- Completed reload, in  9.181 seconds
Domain Reload Profiling:
	ReloadAssembly (9183ms)
		BeginReloadAssembly (303ms)
			ExecutionOrderSort (0ms)
			DisableScriptedObjects (14ms)
			BackupInstance (0ms)
			ReleaseScriptingObjects (0ms)
			CreateAndSetChildDomain (37ms)
		EndReloadAssembly (8579ms)
			LoadAssemblies (1177ms)
			RebuildTransferFunctionScriptingTraits (0ms)
			SetupTypeCache (586ms)
			ReleaseScriptCaches (1ms)
			RebuildScriptCaches (113ms)
			SetupLoadedEditorAssemblies (6699ms)
				LogAssemblyErrors (0ms)
				InitializePlatformSupportModulesInManaged (11ms)
				SetLoadedEditorAssemblies (1ms)
				RefreshPlugins (195ms)
				BeforeProcessingInitializeOnLoad (353ms)
				ProcessInitializeOnLoadAttributes (5915ms)
				ProcessInitializeOnLoadMethodAttributes (220ms)
				AfterProcessingInitializeOnLoad (4ms)
				EditorAssembliesLoaded (0ms)
			ExecutionOrderSort2 (0ms)
			AwakeInstancesAfterBackupRestoration (12ms)
Platform modules already initialized, skipping
========================================================================
Worker process is ready to serve import requests
Launched and connected shader compiler UnityShaderCompiler.exe after 0.17 seconds
Refreshing native plugins compatible for Editor in 2.28 ms, found 4 plugins.
Preloading 0 native plugins for Editor in 0.00 ms.
Unloading 4190 Unused Serialized files (Serialized files now loaded: 0)
Unloading 39 unused Assets / (56.5 KB). Loaded Objects now: 4647.
Memory consumption went from 156.5 MB to 156.5 MB.
Total: 5.511900 ms (FindLiveObjects: 0.493100 ms CreateObjectMapping: 0.469700 ms MarkObjects: 4.410400 ms  DeleteObjects: 0.137200 ms)

AssetImportParameters requested are different than current active one (requested -> active):
  custom:video-decoder-ogg-theora: a1e56fd34408186e4bbccfd4996cb3dc -> 
  custom:container-muxer-webm: aa71ff27fc2769a1b78a27578f13a17b -> 
  custom:container-demuxer-webm: 4f35f7cbe854078d1ac9338744f61a02 -> 
  custom:video-encoder-webm-vp8: eb34c28f22e8b96e1ab97ce403110664 -> 
  custom:audio-encoder-webm-vorbis: bf7c407c2cedff20999df2af8eb42d56 -> 
  custom:framework-win-MediaFoundation: 216162199b28c13a410421893ffa2e32 -> 
  custom:container-demuxer-ogg: 62fdf1f143b41e24485cea50d1cbac27 -> 
  custom:video-decoder-webm-vp8: 9c59270c3fd7afecdb556c50c9e8de78 -> 
  custom:audio-decoder-ogg-vorbis: bf7c407c2cedff20999df2af8eb42d56 -> 
========================================================================
Received Import Request.
  Time since last request: 5112.354233 seconds.
  path: Assets/Scenes/Level 06.unity
  artifactKey: Guid(7585487b5bf733245a9e49f6ce139dc7) Importer(815301076,1909f56bfc062723c751e8b465ee728b)
Start importing Assets/Scenes/Level 06.unity using Guid(7585487b5bf733245a9e49f6ce139dc7) Importer(815301076,1909f56bfc062723c751e8b465ee728b)  -> (artifact id: 'da45b6be84e0907bef0a55b1468e449a') in 0.128220 seconds 
========================================================================
Received Import Request.
  Time since last request: 662.038772 seconds.
  path: Assets/Prefabs/bullet 1.prefab
  artifactKey: Guid(1d4e70dfc20fa78429a97eae57cc2b2a) Importer(815301076,1909f56bfc062723c751e8b465ee728b)
Start importing Assets/Prefabs/bullet 1.prefab using Guid(1d4e70dfc20fa78429a97eae57cc2b2a) Importer(815301076,1909f56bfc062723c751e8b465ee728b)  -> (artifact id: 'e1fc22f26a6d4d29d04c23116a46813a') in 0.843157 seconds 
========================================================================
Received Import Request.
  Time since last request: 0.000025 seconds.
  path: Assets/Prefabs/PauseCanvas.prefab
  artifactKey: Guid(703a46634e0bbee48a0a85bb8f96d74e) Importer(815301076,1909f56bfc062723c751e8b465ee728b)
Start importing Assets/Prefabs/PauseCanvas.prefab using Guid(703a46634e0bbee48a0a85bb8f96d74e) Importer(815301076,1909f56bfc062723c751e8b465ee728b)  -> (artifact id: '6f12504a98a9f95780f9e8968fecccf5') in 0.257197 seconds 
========================================================================
Received Import Request.
  Time since last request: 0.000027 seconds.
  path: Assets/Prefabs/Canvas.prefab
  artifactKey: Guid(26a41fc871225af438233e986e0f2257) Importer(815301076,1909f56bfc062723c751e8b465ee728b)
Start importing Assets/Prefabs/Canvas.prefab using Guid(26a41fc871225af438233e986e0f2257) Importer(815301076,1909f56bfc062723c751e8b465ee728b)  -> (artifact id: 'c4ec0f6c00fbb01aa88dd161d0e899a6') in 0.156144 seconds 
========================================================================
Received Import Request.
  Time since last request: 0.000019 seconds.
  path: Assets/Prefabs/impactEffect.prefab
  artifactKey: Guid(e1bab0316e9c4a648ad434994cb8a7db) Importer(815301076,1909f56bfc062723c751e8b465ee728b)
Start importing Assets/Prefabs/impactEffect.prefab using Guid(e1bab0316e9c4a648ad434994cb8a7db) Importer(815301076,1909f56bfc062723c751e8b465ee728b)  -> (artifact id: '116296539e6edbcf5d04d6c92937ddb2') in 0.031909 seconds 
========================================================================
Received Import Request.
  Time since last request: 0.000038 seconds.
  path: Assets/Prefabs/Spike.prefab
  artifactKey: Guid(3b1842eb211f3ea4ca07798b94bfdd85) Importer(815301076,1909f56bfc062723c751e8b465ee728b)
Start importing Assets/Prefabs/Spike.prefab using Guid(3b1842eb211f3ea4ca07798b94bfdd85) Importer(815301076,1909f56bfc062723c751e8b465ee728b)  -> (artifact id: '4b2830453ea0d3d7c382b0e02b7b8881') in 0.060885 seconds 
========================================================================
Received Import Request.
  Time since last request: 0.000053 seconds.
  path: Assets/Prefabs/Main Camera.prefab
  artifactKey: Guid(823f1961ce0849349aa6aede43489d70) Importer(815301076,1909f56bfc062723c751e8b465ee728b)
Start importing Assets/Prefabs/Main Camera.prefab using Guid(823f1961ce0849349aa6aede43489d70) Importer(815301076,1909f56bfc062723c751e8b465ee728b)  -> (artifact id: 'a9f14cbd248209df2d45439bb437bcf2') in 0.346628 seconds 
========================================================================
Received Import Request.
  Time since last request: 0.000030 seconds.
  path: Assets/Prefabs/Player.prefab
  artifactKey: Guid(b3f64eff731167f4ea5a656dc554234a) Importer(815301076,1909f56bfc062723c751e8b465ee728b)
Start importing Assets/Prefabs/Player.prefab using Guid(b3f64eff731167f4ea5a656dc554234a) Importer(815301076,1909f56bfc062723c751e8b465ee728b)  -> (artifact id: '8fc5a9f83adee6e7fd7ba511ac98842e') in 0.805998 seconds 
========================================================================
Received Import Request.
  Time since last request: 30.812042 seconds.
  path: Assets/Scenes/Level 06.unity
  artifactKey: Guid(7585487b5bf733245a9e49f6ce139dc7) Importer(815301076,1909f56bfc062723c751e8b465ee728b)
Start importing Assets/Scenes/Level 06.unity using Guid(7585487b5bf733245a9e49f6ce139dc7) Importer(815301076,1909f56bfc062723c751e8b465ee728b)  -> (artifact id: 'df55fc716bb96893f7259bd81fc4f0b1') in 0.005079 seconds 
========================================================================
Received Import Request.
  Time since last request: 34.992884 seconds.
  path: Assets/Scenes/Level 02.unity
  artifactKey: Guid(b1b3b66bc42587140b72d0f70a3d3b04) Importer(815301076,1909f56bfc062723c751e8b465ee728b)
Start importing Assets/Scenes/Level 02.unity using Guid(b1b3b66bc42587140b72d0f70a3d3b04) Importer(815301076,1909f56bfc062723c751e8b465ee728b)  -> (artifact id: 'aa97ed45718a80944163178569f0f81c') in 0.002489 seconds 
========================================================================
Received Import Request.
  Time since last request: 139.408883 seconds.
  path: Assets/Scripts
  artifactKey: Guid(f22ff51a1951b4740a0e37bb7fbc6b7f) Importer(815301076,1909f56bfc062723c751e8b465ee728b)
Start importing Assets/Scripts using Guid(f22ff51a1951b4740a0e37bb7fbc6b7f) Importer(815301076,1909f56bfc062723c751e8b465ee728b)  -> (artifact id: 'd61ff287c74a9da76c267b6a42c051e5') in 0.018692 seconds 
========================================================================
Received Import Request.
  Time since last request: 2.580995 seconds.
  path: Assets/Scripts/Enemy.cs
  artifactKey: Guid(c55a19b8916f29a4fa2ecd5a72813d44) Importer(815301076,1909f56bfc062723c751e8b465ee728b)
Start importing Assets/Scripts/Enemy.cs using Guid(c55a19b8916f29a4fa2ecd5a72813d44) Importer(815301076,1909f56bfc062723c751e8b465ee728b)  -> (artifact id: '38e6a9dbc68f8d9e27a7d90b9ece29b4') in 0.029437 seconds 
========================================================================
Received Import Request.
  Time since last request: 16.451660 seconds.
  path: Assets/Scripts/IdleToRun.cs
  artifactKey: Guid(fc2b406d2bfdfaa459ab7e80abf4c8d1) Importer(815301076,1909f56bfc062723c751e8b465ee728b)
Start importing Assets/Scripts/IdleToRun.cs using Guid(fc2b406d2bfdfaa459ab7e80abf4c8d1) Importer(815301076,1909f56bfc062723c751e8b465ee728b)  -> (artifact id: 'ad8ebbfe8136bfa0b630c988937b1877') in 0.017907 seconds 
========================================================================
Received Import Request.
  Time since last request: 3.166540 seconds.
  path: Assets/Scripts/Enemyrun.cs
  artifactKey: Guid(1d0e0dda122c1144f9e03eca75742b82) Importer(815301076,1909f56bfc062723c751e8b465ee728b)
Start importing Assets/Scripts/Enemyrun.cs using Guid(1d0e0dda122c1144f9e03eca75742b82) Importer(815301076,1909f56bfc062723c751e8b465ee728b)  -> (artifact id: '04b7411a802f323f8bf15d7cddbfef6e') in 0.019376 seconds 
========================================================================
Received Prepare
Registering precompiled user dll's ...
Registered in 0.023936 seconds.
Begin MonoManager ReloadAssembly
Symbol file LoadedFromMemory doesn't match image D:\Parallaxia\Parallaxia\Library\PackageCache\com.unity.visualscripting@1.8.0\Editor\VisualScripting.Core\Dependencies\YamlDotNet\Unity.VisualScripting.YamlDotNet.dll
Symbol file LoadedFromMemory doesn't match image D:\Parallaxia\Parallaxia\Library\PackageCache\com.unity.visualscripting@1.8.0\Editor\VisualScripting.Core\Dependencies\DotNetZip\Unity.VisualScripting.IonicZip.dll
Native extension for WindowsStandalone target not found
Native extension for WebGL target not found
Refreshing native plugins compatible for Editor in 1.38 ms, found 4 plugins.
Preloading 0 native plugins for Editor in 0.00 ms.
Mono: successfully reloaded assembly
- Completed reload, in  4.817 seconds
Domain Reload Profiling:
	ReloadAssembly (4818ms)
		BeginReloadAssembly (224ms)
			ExecutionOrderSort (0ms)
			DisableScriptedObjects (7ms)
			BackupInstance (0ms)
			ReleaseScriptingObjects (0ms)
			CreateAndSetChildDomain (98ms)
		EndReloadAssembly (4489ms)
			LoadAssemblies (171ms)
			RebuildTransferFunctionScriptingTraits (0ms)
			SetupTypeCache (338ms)
			ReleaseScriptCaches (2ms)
			RebuildScriptCaches (61ms)
			SetupLoadedEditorAssemblies (3857ms)
				LogAssemblyErrors (0ms)
				InitializePlatformSupportModulesInManaged (48ms)
				SetLoadedEditorAssemblies (1ms)
				RefreshPlugins (1ms)
				BeforeProcessingInitializeOnLoad (179ms)
				ProcessInitializeOnLoadAttributes (3547ms)
				ProcessInitializeOnLoadMethodAttributes (75ms)
				AfterProcessingInitializeOnLoad (4ms)
				EditorAssembliesLoaded (0ms)
			ExecutionOrderSort2 (0ms)
			AwakeInstancesAfterBackupRestoration (18ms)
Platform modules already initialized, skipping
Refreshing native plugins compatible for Editor in 19.21 ms, found 4 plugins.
Preloading 0 native plugins for Editor in 0.00 ms.
Unloading 4160 Unused Serialized files (Serialized files now loaded: 0)
Unloading 32 unused Assets / (25.4 KB). Loaded Objects now: 4652.
Memory consumption went from 158.4 MB to 158.4 MB.
Total: 3.457200 ms (FindLiveObjects: 0.378300 ms CreateObjectMapping: 0.314300 ms MarkObjects: 2.730300 ms  DeleteObjects: 0.033500 ms)

AssetImportParameters requested are different than current active one (requested -> active):
  custom:video-decoder-ogg-theora: a1e56fd34408186e4bbccfd4996cb3dc -> 
  custom:container-muxer-webm: aa71ff27fc2769a1b78a27578f13a17b -> 
  custom:container-demuxer-webm: 4f35f7cbe854078d1ac9338744f61a02 -> 
  custom:video-encoder-webm-vp8: eb34c28f22e8b96e1ab97ce403110664 -> 
  custom:audio-encoder-webm-vorbis: bf7c407c2cedff20999df2af8eb42d56 -> 
  custom:framework-win-MediaFoundation: 216162199b28c13a410421893ffa2e32 -> 
  custom:container-demuxer-ogg: 62fdf1f143b41e24485cea50d1cbac27 -> 
  custom:video-decoder-webm-vp8: 9c59270c3fd7afecdb556c50c9e8de78 -> 
  custom:audio-decoder-ogg-vorbis: bf7c407c2cedff20999df2af8eb42d56 -> 
========================================================================
Received Import Request.
  Time since last request: 140.272665 seconds.
  path: Assets/Prefabs/Player.prefab
  artifactKey: Guid(b3f64eff731167f4ea5a656dc554234a) Importer(815301076,1909f56bfc062723c751e8b465ee728b)
Start importing Assets/Prefabs/Player.prefab using Guid(b3f64eff731167f4ea5a656dc554234a) Importer(815301076,1909f56bfc062723c751e8b465ee728b)  -> (artifact id: '206db7e0f74a753440714cedac27207b') in 0.111372 seconds 
========================================================================
Received Import Request.
  Time since last request: 55.103030 seconds.
  path: Assets/Scripts/ItemCollector.cs
  artifactKey: Guid(f51941fd21af20e46ba82c56d6ae3a56) Importer(815301076,1909f56bfc062723c751e8b465ee728b)
Start importing Assets/Scripts/ItemCollector.cs using Guid(f51941fd21af20e46ba82c56d6ae3a56) Importer(815301076,1909f56bfc062723c751e8b465ee728b)  -> (artifact id: 'd512f48d3c25031183ddff81e45c7cb8') in 0.038521 seconds 
========================================================================
Received Import Request.
  Time since last request: 121.634944 seconds.
  path: Assets/Scripts/Finish.cs
  artifactKey: Guid(2829f7feb15079248b804d7c0059f1a7) Importer(815301076,1909f56bfc062723c751e8b465ee728b)
Start importing Assets/Scripts/Finish.cs using Guid(2829f7feb15079248b804d7c0059f1a7) Importer(815301076,1909f56bfc062723c751e8b465ee728b)  -> (artifact id: '4a2712f7ac0bfbaa4835630e374eb998') in 0.018219 seconds 
========================================================================
Received Import Request.
  Time since last request: 623.196991 seconds.
  path: Assets/Scripts/Finish.cs
  artifactKey: Guid(2829f7feb15079248b804d7c0059f1a7) Importer(815301076,1909f56bfc062723c751e8b465ee728b)
Start importing Assets/Scripts/Finish.cs using Guid(2829f7feb15079248b804d7c0059f1a7) Importer(815301076,1909f56bfc062723c751e8b465ee728b)  -> (artifact id: '06bc2e1f2943560e0cf61d11cbfdc575') in 0.066010 seconds 
========================================================================
Received Prepare
Registering precompiled user dll's ...
Registered in 0.012889 seconds.
Begin MonoManager ReloadAssembly
Symbol file LoadedFromMemory doesn't match image D:\Parallaxia\Parallaxia\Library\PackageCache\com.unity.visualscripting@1.8.0\Editor\VisualScripting.Core\Dependencies\YamlDotNet\Unity.VisualScripting.YamlDotNet.dll
Symbol file LoadedFromMemory doesn't match image D:\Parallaxia\Parallaxia\Library\PackageCache\com.unity.visualscripting@1.8.0\Editor\VisualScripting.Core\Dependencies\DotNetZip\Unity.VisualScripting.IonicZip.dll
Native extension for WindowsStandalone target not found
Native extension for WebGL target not found
Refreshing native plugins compatible for Editor in 5.64 ms, found 4 plugins.
Preloading 0 native plugins for Editor in 0.00 ms.
Mono: successfully reloaded assembly
- Completed reload, in  7.467 seconds
Domain Reload Profiling:
	ReloadAssembly (7475ms)
		BeginReloadAssembly (1125ms)
			ExecutionOrderSort (0ms)
			DisableScriptedObjects (223ms)
			BackupInstance (0ms)
			ReleaseScriptingObjects (0ms)
			CreateAndSetChildDomain (168ms)
		EndReloadAssembly (6041ms)
			LoadAssemblies (783ms)
			RebuildTransferFunctionScriptingTraits (0ms)
			SetupTypeCache (1290ms)
			ReleaseScriptCaches (11ms)
			RebuildScriptCaches (88ms)
			SetupLoadedEditorAssemblies (4249ms)
				LogAssemblyErrors (0ms)
				InitializePlatformSupportModulesInManaged (68ms)
				SetLoadedEditorAssemblies (6ms)
				RefreshPlugins (6ms)
				BeforeProcessingInitializeOnLoad (201ms)
				ProcessInitializeOnLoadAttributes (3918ms)
				ProcessInitializeOnLoadMethodAttributes (47ms)
				AfterProcessingInitializeOnLoad (4ms)
				EditorAssembliesLoaded (0ms)
			ExecutionOrderSort2 (0ms)
			AwakeInstancesAfterBackupRestoration (8ms)
Platform modules already initialized, skipping
Refreshing native plugins compatible for Editor in 2.95 ms, found 4 plugins.
Preloading 0 native plugins for Editor in 0.00 ms.
Unloading 4160 Unused Serialized files (Serialized files now loaded: 0)
Unloading 25 unused Assets / (24.7 KB). Loaded Objects now: 4655.
Memory consumption went from 158.4 MB to 158.4 MB.
Total: 36.464100 ms (FindLiveObjects: 1.387100 ms CreateObjectMapping: 1.497000 ms MarkObjects: 33.205800 ms  DeleteObjects: 0.366900 ms)

AssetImportParameters requested are different than current active one (requested -> active):
  custom:video-decoder-ogg-theora: a1e56fd34408186e4bbccfd4996cb3dc -> 
  custom:container-muxer-webm: aa71ff27fc2769a1b78a27578f13a17b -> 
  custom:container-demuxer-webm: 4f35f7cbe854078d1ac9338744f61a02 -> 
  custom:video-encoder-webm-vp8: eb34c28f22e8b96e1ab97ce403110664 -> 
  custom:audio-encoder-webm-vorbis: bf7c407c2cedff20999df2af8eb42d56 -> 
  custom:framework-win-MediaFoundation: 216162199b28c13a410421893ffa2e32 -> 
  custom:container-demuxer-ogg: 62fdf1f143b41e24485cea50d1cbac27 -> 
  custom:video-decoder-webm-vp8: 9c59270c3fd7afecdb556c50c9e8de78 -> 
  custom:audio-decoder-ogg-vorbis: bf7c407c2cedff20999df2af8eb42d56 -> 
========================================================================
Received Import Request.
  Time since last request: 109.785901 seconds.
  path: Assets/Scenes/Level 01.unity
  artifactKey: Guid(880f5e958ebf1ce45ac3f8b19006074c) Importer(815301076,1909f56bfc062723c751e8b465ee728b)
Start importing Assets/Scenes/Level 01.unity using Guid(880f5e958ebf1ce45ac3f8b19006074c) Importer(815301076,1909f56bfc062723c751e8b465ee728b)  -> (artifact id: 'cf28a61ae126792bd014ee5a8e6fa120') in 0.106169 seconds 
========================================================================
Received Import Request.
  Time since last request: 15.031450 seconds.
  path: Assets/Scenes/Level 02.unity
  artifactKey: Guid(b1b3b66bc42587140b72d0f70a3d3b04) Importer(815301076,1909f56bfc062723c751e8b465ee728b)
Start importing Assets/Scenes/Level 02.unity using Guid(b1b3b66bc42587140b72d0f70a3d3b04) Importer(815301076,1909f56bfc062723c751e8b465ee728b)  -> (artifact id: '2e4a8c93c73dc39859b49d01cd5aacc5') in 0.004142 seconds 
========================================================================
Received Import Request.
  Time since last request: 29.921675 seconds.
  path: Assets/Scenes/Level 03.unity
  artifactKey: Guid(7585487b5bf733245a9e49f6ce139dc7) Importer(815301076,1909f56bfc062723c751e8b465ee728b)
Start importing Assets/Scenes/Level 03.unity using Guid(7585487b5bf733245a9e49f6ce139dc7) Importer(815301076,1909f56bfc062723c751e8b465ee728b)  -> (artifact id: '0d5d05eead9d0701eda06fdd49a539ce') in 0.005002 seconds 
========================================================================
Received Prepare
Registering precompiled user dll's ...
Registered in 0.012244 seconds.
Begin MonoManager ReloadAssembly
Symbol file LoadedFromMemory doesn't match image D:\Parallaxia\Parallaxia\Library\PackageCache\com.unity.visualscripting@1.8.0\Editor\VisualScripting.Core\Dependencies\YamlDotNet\Unity.VisualScripting.YamlDotNet.dll
Symbol file LoadedFromMemory doesn't match image D:\Parallaxia\Parallaxia\Library\PackageCache\com.unity.visualscripting@1.8.0\Editor\VisualScripting.Core\Dependencies\DotNetZip\Unity.VisualScripting.IonicZip.dll
Native extension for WindowsStandalone target not found
Native extension for WebGL target not found
Refreshing native plugins compatible for Editor in 4.26 ms, found 4 plugins.
Preloading 0 native plugins for Editor in 0.00 ms.
Mono: successfully reloaded assembly
- Completed reload, in  6.787 seconds
Domain Reload Profiling:
	ReloadAssembly (6788ms)
		BeginReloadAssembly (617ms)
			ExecutionOrderSort (0ms)
			DisableScriptedObjects (25ms)
			BackupInstance (0ms)
			ReleaseScriptingObjects (0ms)
			CreateAndSetChildDomain (241ms)
		EndReloadAssembly (5725ms)
			LoadAssemblies (421ms)
			RebuildTransferFunctionScriptingTraits (0ms)
			SetupTypeCache (839ms)
			ReleaseScriptCaches (2ms)
			RebuildScriptCaches (50ms)
			SetupLoadedEditorAssemblies (4473ms)
				LogAssemblyErrors (0ms)
				InitializePlatformSupportModulesInManaged (76ms)
				SetLoadedEditorAssemblies (2ms)
				RefreshPlugins (4ms)
				BeforeProcessingInitializeOnLoad (169ms)
				ProcessInitializeOnLoadAttributes (4100ms)
				ProcessInitializeOnLoadMethodAttributes (114ms)
				AfterProcessingInitializeOnLoad (6ms)
				EditorAssembliesLoaded (1ms)
			ExecutionOrderSort2 (0ms)
			AwakeInstancesAfterBackupRestoration (25ms)
Platform modules already initialized, skipping
Refreshing native plugins compatible for Editor in 8.26 ms, found 4 plugins.
Preloading 0 native plugins for Editor in 0.00 ms.
Unloading 4160 Unused Serialized files (Serialized files now loaded: 0)
Unloading 25 unused Assets / (24.6 KB). Loaded Objects now: 4658.
Memory consumption went from 158.4 MB to 158.4 MB.
Total: 6.875400 ms (FindLiveObjects: 0.602400 ms CreateObjectMapping: 0.646100 ms MarkObjects: 5.559300 ms  DeleteObjects: 0.064300 ms)

AssetImportParameters requested are different than current active one (requested -> active):
  custom:video-decoder-ogg-theora: a1e56fd34408186e4bbccfd4996cb3dc -> 
  custom:container-muxer-webm: aa71ff27fc2769a1b78a27578f13a17b -> 
  custom:container-demuxer-webm: 4f35f7cbe854078d1ac9338744f61a02 -> 
  custom:video-encoder-webm-vp8: eb34c28f22e8b96e1ab97ce403110664 -> 
  custom:audio-encoder-webm-vorbis: bf7c407c2cedff20999df2af8eb42d56 -> 
  custom:framework-win-MediaFoundation: 216162199b28c13a410421893ffa2e32 -> 
  custom:container-demuxer-ogg: 62fdf1f143b41e24485cea50d1cbac27 -> 
  custom:video-decoder-webm-vp8: 9c59270c3fd7afecdb556c50c9e8de78 -> 
  custom:audio-decoder-ogg-vorbis: bf7c407c2cedff20999df2af8eb42d56 -> 
========================================================================
Received Import Request.
  Time since last request: 84.423332 seconds.
  path: Assets/Scenes/Level 03.unity
  artifactKey: Guid(7585487b5bf733245a9e49f6ce139dc7) Importer(815301076,1909f56bfc062723c751e8b465ee728b)
Start importing Assets/Scenes/Level 03.unity using Guid(7585487b5bf733245a9e49f6ce139dc7) Importer(815301076,1909f56bfc062723c751e8b465ee728b)  -> (artifact id: '2a92bd9507e56c30e76d7f3f082dc569') in 0.015363 seconds 
========================================================================
Received Import Request.
  Time since last request: 0.481895 seconds.
  path: Assets/Scenes/Level 02.unity
  artifactKey: Guid(b1b3b66bc42587140b72d0f70a3d3b04) Importer(815301076,1909f56bfc062723c751e8b465ee728b)
Start importing Assets/Scenes/Level 02.unity using Guid(b1b3b66bc42587140b72d0f70a3d3b04) Importer(815301076,1909f56bfc062723c751e8b465ee728b)  -> (artifact id: '9bbf6aa43c3ecf79083940c394943e64') in 0.008870 seconds 
========================================================================
Received Prepare
Registering precompiled user dll's ...
Registered in 0.012678 seconds.
Begin MonoManager ReloadAssembly
Symbol file LoadedFromMemory doesn't match image D:\Parallaxia\Parallaxia\Library\PackageCache\com.unity.visualscripting@1.8.0\Editor\VisualScripting.Core\Dependencies\YamlDotNet\Unity.VisualScripting.YamlDotNet.dll
Symbol file LoadedFromMemory doesn't match image D:\Parallaxia\Parallaxia\Library\PackageCache\com.unity.visualscripting@1.8.0\Editor\VisualScripting.Core\Dependencies\DotNetZip\Unity.VisualScripting.IonicZip.dll
Native extension for WindowsStandalone target not found
Native extension for WebGL target not found
Refreshing native plugins compatible for Editor in 2.11 ms, found 4 plugins.
Preloading 0 native plugins for Editor in 0.00 ms.
Mono: successfully reloaded assembly
- Completed reload, in  8.829 seconds
Domain Reload Profiling:
	ReloadAssembly (8831ms)
		BeginReloadAssembly (457ms)
			ExecutionOrderSort (0ms)
			DisableScriptedObjects (21ms)
			BackupInstance (0ms)
			ReleaseScriptingObjects (0ms)
			CreateAndSetChildDomain (173ms)
		EndReloadAssembly (8072ms)
			LoadAssemblies (320ms)
			RebuildTransferFunctionScriptingTraits (0ms)
			SetupTypeCache (840ms)
			ReleaseScriptCaches (4ms)
			RebuildScriptCaches (170ms)
			SetupLoadedEditorAssemblies (6601ms)
				LogAssemblyErrors (0ms)
				InitializePlatformSupportModulesInManaged (57ms)
				SetLoadedEditorAssemblies (2ms)
				RefreshPlugins (2ms)
				BeforeProcessingInitializeOnLoad (234ms)
				ProcessInitializeOnLoadAttributes (6158ms)
				ProcessInitializeOnLoadMethodAttributes (138ms)
				AfterProcessingInitializeOnLoad (9ms)
				EditorAssembliesLoaded (0ms)
			ExecutionOrderSort2 (0ms)
			AwakeInstancesAfterBackupRestoration (32ms)
Platform modules already initialized, skipping
Refreshing native plugins compatible for Editor in 13.33 ms, found 4 plugins.
Preloading 0 native plugins for Editor in 0.00 ms.
Unloading 4160 Unused Serialized files (Serialized files now loaded: 0)
Unloading 25 unused Assets / (24.6 KB). Loaded Objects now: 4661.
Memory consumption went from 158.5 MB to 158.4 MB.
Total: 11.666200 ms (FindLiveObjects: 0.705400 ms CreateObjectMapping: 0.709200 ms MarkObjects: 10.191700 ms  DeleteObjects: 0.058000 ms)

AssetImportParameters requested are different than current active one (requested -> active):
  custom:video-decoder-ogg-theora: a1e56fd34408186e4bbccfd4996cb3dc -> 
  custom:container-muxer-webm: aa71ff27fc2769a1b78a27578f13a17b -> 
  custom:container-demuxer-webm: 4f35f7cbe854078d1ac9338744f61a02 -> 
  custom:video-encoder-webm-vp8: eb34c28f22e8b96e1ab97ce403110664 -> 
  custom:audio-encoder-webm-vorbis: bf7c407c2cedff20999df2af8eb42d56 -> 
  custom:framework-win-MediaFoundation: 216162199b28c13a410421893ffa2e32 -> 
  custom:container-demuxer-ogg: 62fdf1f143b41e24485cea50d1cbac27 -> 
  custom:video-decoder-webm-vp8: 9c59270c3fd7afecdb556c50c9e8de78 -> 
  custom:audio-decoder-ogg-vorbis: bf7c407c2cedff20999df2af8eb42d56 -> 
========================================================================
Received Import Request.
  Time since last request: 152.043911 seconds.
  path: Assets/Scenes/Level 01.unity
  artifactKey: Guid(880f5e958ebf1ce45ac3f8b19006074c) Importer(815301076,1909f56bfc062723c751e8b465ee728b)
Start importing Assets/Scenes/Level 01.unity using Guid(880f5e958ebf1ce45ac3f8b19006074c) Importer(815301076,1909f56bfc062723c751e8b465ee728b)  -> (artifact id: 'f58f6ed00daec09c9061b488db81c222') in 0.033016 seconds 
========================================================================
Received Import Request.
  Time since last request: 3.861266 seconds.
  path: Assets/Scenes/ReplayLevels.unity
  artifactKey: Guid(ede8c68c2c6465948abfbf2bc27855d6) Importer(815301076,1909f56bfc062723c751e8b465ee728b)
Start importing Assets/Scenes/ReplayLevels.unity using Guid(ede8c68c2c6465948abfbf2bc27855d6) Importer(815301076,1909f56bfc062723c751e8b465ee728b)  -> (artifact id: 'a0c388172a0a35136aa4b22f38cf87d2') in 0.020692 seconds 
========================================================================
Received Import Request.
  Time since last request: 2.968442 seconds.
  path: Assets/Scenes/End.unity
  artifactKey: Guid(a07960dee55baf741b710e514586f700) Importer(815301076,1909f56bfc062723c751e8b465ee728b)
Start importing Assets/Scenes/End.unity using Guid(a07960dee55baf741b710e514586f700) Importer(815301076,1909f56bfc062723c751e8b465ee728b)  -> (artifact id: 'f689ee3df9dc4b462c8592a2c6429012') in 0.034712 seconds 
